INFO:root:Pipeline app started
INFO:pipeline:sum is started
INFO:root:Processing following object started:0  0 05.May 2024 20:53:38
INFO:root:Processing following object complete:0  0 05.May 2024 20:53:38
INFO:pipeline:shift is started
INFO:root:Processing following object started:0  1 05.May 2024 20:53:38
INFO:root:Processing following object complete:0  1 05.May 2024 20:53:38
INFO:pipeline:sum is started
INFO:root:Processing following object started:0  1 05.May 2024 20:53:38
INFO:root:Processing following object complete:0  1 05.May 2024 20:53:38
INFO:root:Processing following object started:0  2 05.May 2024 20:53:38
INFO:root:Processing following object complete:0  2 05.May 2024 20:53:38
INFO:pipeline:sum is started
INFO:root:Processing following object started:0  2 05.May 2024 20:53:38
INFO:root:Processing following object complete:0  2 05.May 2024 20:53:38
INFO:pipeline:shift is started
INFO:root:Processing following object started:0  3 05.May 2024 20:53:38
INFO:root:Processing following object complete:0  3 05.May 2024 20:53:38
INFO:pipeline:sum is started
INFO:root:Processing following object started:0  3 05.May 2024 20:53:38
INFO:root:Processing following object complete:0  3 05.May 2024 20:53:38
INFO:root:Pipeline app started
INFO:pipeline:shift is started
INFO:pipeline:sum is started
INFO:root:Processing following object started:0  0 05.May 2024 20:54:39
INFO:root:Processing following object complete:0  0 05.May 2024 20:54:39
INFO:root:Processing following object started:0  1 05.May 2024 20:54:39
INFO:root:Processing following object complete:0  1 05.May 2024 20:54:39
INFO:pipeline:sum is started
INFO:root:Processing following object started:0  1 05.May 2024 20:54:39
INFO:root:Processing following object complete:0  1 05.May 2024 20:54:39
INFO:pipeline:shift is started
INFO:root:Processing following object started:0  2 05.May 2024 20:54:39
INFO:root:Processing following object complete:0  2 05.May 2024 20:54:39
INFO:pipeline:sum is started
INFO:root:Processing following object started:0  2 05.May 2024 20:54:39
INFO:root:Processing following object complete:0  2 05.May 2024 20:54:39
INFO:pipeline:shift is started
INFO:root:Processing following object started:0  3 05.May 2024 20:54:39
INFO:root:Processing following object complete:0  3 05.May 2024 20:54:39
INFO:pipeline:sum is started
INFO:root:Processing following object started:0  3 05.May 2024 20:54:39
INFO:root:Processing following object complete:0  3 05.May 2024 20:54:39
INFO:root:Pipeline app started
INFO:pipeline:shift is started
INFO:pipeline:sum is started
INFO:root:[0, 0, 0, 0, 1, 1, 1, 1] Processing following object started:0  0 05.May 2024 21:10:39
INFO:root:[0, 0, 0, 0, 1, 1, 1, 1]Processing following object complete:0  0 05.May 2024 21:10:39
INFO:pipeline:sum is started
INFO:pipeline:shift is started
INFO:pipeline:sum is started
INFO:pipeline:shift is started
INFO:pipeline:sum is started
INFO:root:Pipeline app started
INFO:pipeline:sum is started
INFO:root:[0, 0, 0, 0, 1, 1, 1, 1] Processing following object started:0  0 05.May 2024 21:11:40
INFO:root:[0, 0, 0, 0, 1, 1, 1, 1]Processing following object complete:0  0 05.May 2024 21:11:40
INFO:pipeline:shift is started
INFO:root:[0, 0, 0, 0, 1, 1, 1, 1] Processing following object started:0  1 05.May 2024 21:11:40
INFO:root:[0, 0, 0, 0, 0, 1, 1, 1] Processing following object complete:0  1 05.May 2024 21:11:40
INFO:pipeline:shift is started
INFO:pipeline:sum is started
INFO:root:[0, 0, 0, 0, 0, 1, 1, 1] Processing following object started:0  1 05.May 2024 21:11:41
INFO:root:[0, 0, 0, 0, 0, 1, 1, 1]Processing following object complete:0  1 05.May 2024 21:11:41
INFO:root:[0, 0, 0, 0, 0, 1, 1, 1] Processing following object started:0  2 05.May 2024 21:11:41
INFO:root:[0, 0, 0, 0, 0, 0, 1, 1] Processing following object complete:0  2 05.May 2024 21:11:41
INFO:pipeline:sum is started
INFO:root:[0, 0, 0, 0, 0, 0, 1, 1] Processing following object started:0  2 05.May 2024 21:11:41
INFO:root:[0, 0, 0, 0, 0, 0, 1, 1]Processing following object complete:0  2 05.May 2024 21:11:41
INFO:pipeline:shift is started
INFO:root:[0, 0, 0, 0, 0, 0, 1, 1] Processing following object started:0  3 05.May 2024 21:11:41
INFO:root:[0, 0, 0, 0, 0, 0, 0, 1] Processing following object complete:0  3 05.May 2024 21:11:41
INFO:pipeline:sum is started
INFO:root:[0, 0, 0, 0, 0, 0, 0, 1] Processing following object started:0  3 05.May 2024 21:11:41
INFO:root:[0, 0, 0, 0, 0, 0, 0, 1]Processing following object complete:0  3 05.May 2024 21:11:41
INFO:root:Pipeline app started
INFO:pipeline:sum is started
INFO:root:[0, 0, 0, 0, 1, 1, 1, 1] Processing following object started:0  0 05.May 2024 21:18:37
INFO:pipeline:shift is started
INFO:pipeline:sum is started
INFO:pipeline:shift is started
INFO:pipeline:sum is started
INFO:pipeline:shift is started
INFO:pipeline:sum is started
INFO:root:Pipeline app started
INFO:pipeline:sum is started
INFO:root:[0, 0, 0, 0, 1, 1, 1, 1] Processing following object started:0  0 05.May 2024 21:20:03
INFO:root:[0, 0, 0, 0, 1, 1, 1, 1]Processing following object complete:0  0 05.May 2024 21:20:03
INFO:pipeline:shift is started
INFO:root:[0, 0, 0, 0, 1, 1, 1, 1] Processing following object started:0  1 05.May 2024 21:20:03
INFO:root:[0, 0, 0, 0, 0, 1, 1, 1] Processing following object complete:0  1 05.May 2024 21:20:03
INFO:pipeline:sum is started
INFO:root:[0, 0, 0, 0, 0, 1, 1, 1] Processing following object started:0  1 05.May 2024 21:20:03
INFO:pipeline:shift is started
INFO:pipeline:sum is started
INFO:pipeline:shift is started
INFO:pipeline:sum is started
INFO:root:Pipeline app started
INFO:pipeline:sum is started
INFO:pipeline:shift is started
INFO:pipeline:sum is started
INFO:pipeline:shift is started
INFO:pipeline:sum is started
INFO:pipeline:shift is started
INFO:pipeline:sum is started
INFO:root:Pipeline app started
INFO:pipeline:sum is started
INFO:root:[0, 0, 0, 0, 0, 0, 0, 0] Processing following object started:0  0 05.May 2024 21:25:15
INFO:root:[0, 0, 0, 0, 0, 0, 0, 0]Processing following object complete:0  0 05.May 2024 21:25:15
INFO:pipeline:shift is started
INFO:root:[0, 0, 0, 0, 0, 0, 0, 0] Processing following object started:0  1 05.May 2024 21:25:15
INFO:root:[0, 0, 0, 0, 0, 0, 0, 0] Processing following object complete:0  1 05.May 2024 21:25:15
INFO:pipeline:sum is started
INFO:root:[0, 0, 0, 0, 0, 0, 0, 0] Processing following object started:0  1 05.May 2024 21:25:15
INFO:root:[0, 0, 0, 0, 0, 0, 0, 0]Processing following object complete:0  1 05.May 2024 21:25:15
INFO:pipeline:sum is started
INFO:pipeline:shift is started
INFO:root:[0, 0, 0, 0, 0, 0, 0, 0] Processing following object started:0  2 05.May 2024 21:25:15
INFO:root:[0, 0, 0, 0, 0, 0, 0, 0] Processing following object complete:0  2 05.May 2024 21:25:15
INFO:root:[0, 0, 0, 0, 0, 0, 0, 0] Processing following object started:0  2 05.May 2024 21:25:15
INFO:pipeline:shift is started
INFO:pipeline:sum is started
INFO:root:Pipeline app started
INFO:pipeline:sum is started
INFO:pipeline:shift is started
INFO:pipeline:sum is started
INFO:pipeline:shift is started
INFO:pipeline:sum is started
INFO:pipeline:shift is started
INFO:pipeline:sum is started
INFO:root:[0, 0, 0, 0, 0, 0, 0, 0] Processing following object started:0  0 05.May 2024 21:27:04
INFO:root:[0, 0, 0, 0, 0, 0, 0, 0]Processing following object complete:0  0 05.May 2024 21:27:07
INFO:root:[0, 0, 0, 0, 0, 0, 0, 0] Processing following object started:0  1 05.May 2024 21:27:15
INFO:root:[0, 0, 0, 0, 0, 0, 0, 0] Processing following object complete:0  1 05.May 2024 21:27:21
INFO:root:[0, 0, 0, 0, 0, 0, 0, 0] Processing following object started:0  1 05.May 2024 21:27:26
INFO:root:[0, 0, 0, 0, 0, 0, 0, 0]Processing following object complete:0  1 05.May 2024 21:27:34
INFO:root:[0, 0, 0, 0, 0, 0, 0, 0] Processing following object started:0  2 05.May 2024 21:27:39
INFO:root:[0, 0, 0, 0, 0, 0, 0, 0] Processing following object complete:0  2 05.May 2024 21:27:47
INFO:root:[0, 0, 0, 0, 0, 0, 0, 0] Processing following object started:0  2 05.May 2024 21:28:06
INFO:root:Pipeline app started
INFO:pipeline:sum is started
INFO:root:[0, 0, 0, 0, 0, 0, 0, 0] Processing following object started:0  0 05.May 2024 21:29:46
INFO:root:[0, 0, 0, 0, 0, 0, 0, 0]Processing following object complete:0  0 05.May 2024 21:29:46
INFO:pipeline:shift is started
INFO:root:[0, 0, 0, 0, 0, 0, 0, 0] Processing following object started:0  1 05.May 2024 21:29:46
INFO:root:[0, 0, 0, 0, 0, 0, 0, 0] Processing following object complete:0  1 05.May 2024 21:29:46
INFO:pipeline:sum is started
INFO:root:[0, 0, 0, 0, 0, 0, 0, 0] Processing following object started:0  1 05.May 2024 21:29:46
INFO:root:[0, 0, 0, 0, 0, 0, 0, 0]Processing following object complete:0  1 05.May 2024 21:29:46
INFO:pipeline:shift is started
INFO:root:[0, 0, 0, 0, 0, 0, 0, 0] Processing following object started:0  2 05.May 2024 21:29:46
INFO:root:[0, 0, 0, 0, 0, 0, 0, 0] Processing following object complete:0  2 05.May 2024 21:29:46
INFO:pipeline:sum is started
INFO:root:[0, 0, 0, 0, 0, 0, 0, 0] Processing following object started:0  2 05.May 2024 21:29:46
INFO:pipeline:shift is started
INFO:pipeline:sum is started
INFO:root:Pipeline app started
INFO:pipeline:shift is started
INFO:pipeline:sum is started
INFO:pipeline:sum is started
INFO:pipeline:shift is started
INFO:pipeline:sum is started
INFO:pipeline:shift is started
INFO:pipeline:sum is started
INFO:root:[0, 0, 0, 0, 0, 0, 0, 0] Processing following object started:0  0 05.May 2024 21:30:44
INFO:root:Pipeline app started
INFO:pipeline:sum is started
INFO:root:[0, 0, 0, 0, 0, 0, 0, 0] Processing following object started:0  0 05.May 2024 21:31:27
INFO:root:[0, 0, 0, 0, 0, 0, 0, 0]Processing following object complete:0  0 05.May 2024 21:31:27
INFO:pipeline:shift is started
INFO:root:[0, 0, 0, 0, 0, 0, 0, 0] Processing following object started:0  1 05.May 2024 21:31:27
INFO:root:[0, 0, 0, 0, 0, 0, 0, 0] Processing following object complete:0  1 05.May 2024 21:31:27
INFO:pipeline:shift is started
INFO:pipeline:sum is started
INFO:root:[0, 0, 0, 0, 0, 0, 0, 0] Processing following object started:0  1 05.May 2024 21:31:27
INFO:root:[0, 0, 0, 0, 0, 0, 0, 0]Processing following object complete:0  1 05.May 2024 21:31:27
INFO:root:[0, 0, 0, 0, 0, 0, 0, 0] Processing following object started:0  2 05.May 2024 21:31:27
INFO:root:[0, 0, 0, 0, 0, 0, 0, 0] Processing following object complete:0  2 05.May 2024 21:31:27
INFO:pipeline:sum is started
INFO:root:[0, 0, 0, 0, 0, 0, 0, 0] Processing following object started:0  2 05.May 2024 21:31:27
INFO:root:[0, 1, 1, 1, 1, 0, 0, 0]Processing following object complete:0  2 05.May 2024 21:31:27
INFO:pipeline:shift is started
INFO:root:[0, 1, 1, 1, 1, 0, 0, 0] Processing following object started:0  3 05.May 2024 21:31:27
INFO:root:[0, 0, 1, 1, 1, 1, 0, 0] Processing following object complete:0  3 05.May 2024 21:31:27
INFO:pipeline:sum is started
INFO:root:[0, 0, 1, 1, 1, 1, 0, 0] Processing following object started:0  3 05.May 2024 21:31:27
INFO:root:[0, 0, 1, 1, 1, 1, 0, 0]Processing following object complete:0  3 05.May 2024 21:31:27
